c:\users\szabolcs\source\repos\ethinengine\sdl_prototype\debug\vc141.pdb
c:\users\szabolcs\source\repos\ethinengine\sdl_prototype\debug\vc141.idb
c:\users\szabolcs\source\repos\ethinengine\sdl_prototype\debug\titlescene.obj
c:\users\szabolcs\source\repos\ethinengine\sdl_prototype\debug\texturemanager.obj
c:\users\szabolcs\source\repos\ethinengine\sdl_prototype\debug\main.obj
c:\users\szabolcs\source\repos\ethinengine\sdl_prototype\debug\game.obj
c:\users\szabolcs\source\repos\ethinengine\sdl_prototype\debug\gameobject.obj
c:\users\szabolcs\source\repos\ethinengine\sdl_prototype\debug\map.obj
c:\users\szabolcs\source\repos\ethinengine\sdl_prototype\debug\scene.obj
c:\users\szabolcs\source\repos\ethinengine\sdl_prototype\debug\scenemanager.obj
c:\users\szabolcs\source\repos\ethinengine\sdl_prototype\debug\projectile.obj
c:\users\szabolcs\source\repos\ethinengine\sdl_prototype\debug\ozombie.obj
c:\users\szabolcs\source\repos\ethinengine\sdl_prototype\debug\opony.obj
c:\users\szabolcs\source\repos\ethinengine\sdl_prototype\debug\mainscene.obj
c:\users\szabolcs\source\repos\ethinengine\sdl_prototype\debug\collider.obj
c:\users\szabolcs\source\repos\ethinengine\debug\sdl_prototype.ilk
c:\users\szabolcs\source\repos\ethinengine\debug\sdl_prototype.exe
c:\users\szabolcs\source\repos\ethinengine\debug\sdl_prototype.pdb
c:\users\szabolcs\source\repos\ethinengine\sdl_prototype\debug\sdl_prototype.tlog\cl.command.1.tlog
c:\users\szabolcs\source\repos\ethinengine\sdl_prototype\debug\sdl_prototype.tlog\cl.read.1.tlog
c:\users\szabolcs\source\repos\ethinengine\sdl_prototype\debug\sdl_prototype.tlog\cl.write.1.tlog
c:\users\szabolcs\source\repos\ethinengine\sdl_prototype\debug\sdl_prototype.tlog\link.command.1.tlog
c:\users\szabolcs\source\repos\ethinengine\sdl_prototype\debug\sdl_prototype.tlog\link.read.1.tlog
c:\users\szabolcs\source\repos\ethinengine\sdl_prototype\debug\sdl_prototype.tlog\link.write.1.tlog
