  Collider.cpp
  MainScene.cpp
c:\users\szabolcs\source\repos\ethinengine\sdl_prototype\ozombie.h(31): warning C4244: 'argument': conversion from 'int' to 'float', possible loss of data
  OPony.cpp
c:\users\szabolcs\source\repos\ethinengine\sdl_prototype\source\vector2d.h(24): warning C4244: 'return': conversion from 'double' to 'float', possible loss of data
  OZombie.cpp
c:\users\szabolcs\source\repos\ethinengine\sdl_prototype\source\vector2d.h(24): warning C4244: 'return': conversion from 'double' to 'float', possible loss of data
c:\users\szabolcs\source\repos\ethinengine\sdl_prototype\ozombie.h(31): warning C4244: 'argument': conversion from 'int' to 'float', possible loss of data
c:\users\szabolcs\source\repos\ethinengine\sdl_prototype\ozombie.cpp(11): warning C4244: 'argument': conversion from 'int' to 'float', possible loss of data
c:\users\szabolcs\source\repos\ethinengine\sdl_prototype\ozombie.cpp(43): warning C4244: 'argument': conversion from 'int' to 'float', possible loss of data
c:\users\szabolcs\source\repos\ethinengine\sdl_prototype\ozombie.cpp(54): warning C4244: 'argument': conversion from 'int' to 'float', possible loss of data
c:\users\szabolcs\source\repos\ethinengine\sdl_prototype\ozombie.cpp(57): warning C4244: 'argument': conversion from 'int' to 'float', possible loss of data
  Projectile.cpp
c:\users\szabolcs\source\repos\ethinengine\sdl_prototype\source\vector2d.h(24): warning C4244: 'return': conversion from 'double' to 'float', possible loss of data
c:\users\szabolcs\source\repos\ethinengine\sdl_prototype\source\projectile.cpp(55): warning C4244: 'argument': conversion from 'int' to 'float', possible loss of data
  SceneManager.cpp
  Scene.cpp
  Map.cpp
c:\users\szabolcs\source\repos\ethinengine\sdl_prototype\source\vector2d.h(24): warning C4244: 'return': conversion from 'double' to 'float', possible loss of data
c:\users\szabolcs\source\repos\ethinengine\sdl_prototype\source\map.cpp(58): warning C4244: 'argument': conversion from 'int' to 'float', possible loss of data
c:\users\szabolcs\source\repos\ethinengine\sdl_prototype\source\map.cpp(59): warning C4244: 'argument': conversion from 'int' to 'float', possible loss of data
  GameObject.cpp
c:\users\szabolcs\source\repos\ethinengine\sdl_prototype\source\vector2d.h(24): warning C4244: 'return': conversion from 'double' to 'float', possible loss of data
c:\users\szabolcs\source\repos\ethinengine\sdl_prototype\source\gameobject.cpp(87): warning C4244: 'argument': conversion from 'int' to 'float', possible loss of data
  Game.cpp
c:\users\szabolcs\source\repos\ethinengine\sdl_prototype\source\vector2d.h(24): warning C4244: 'return': conversion from 'double' to 'float', possible loss of data
c:\users\szabolcs\source\repos\ethinengine\sdl_prototype\source\game.cpp(21): warning C4150: deletion of pointer to incomplete type 'SDL_Renderer'; no destructor called
  d:\dev\sdl2-2.0.9\include\sdl_render.h(122): note: see declaration of 'SDL_Renderer'
c:\users\szabolcs\source\repos\ethinengine\sdl_prototype\source\game.cpp(22): warning C4150: deletion of pointer to incomplete type 'SDL_Window'; no destructor called
  d:\dev\sdl2-2.0.9\include\sdl_video.h(90): note: see declaration of 'SDL_Window'
  main.cpp
  TextureManager.cpp
c:\users\szabolcs\source\repos\ethinengine\sdl_prototype\source\vector2d.h(24): warning C4244: 'return': conversion from 'double' to 'float', possible loss of data
  TitleScene.cpp
  Generating Code...
  SDL_Prototype.vcxproj -> C:\Users\Szabolcs\source\repos\EthinEngine\Debug\SDL_Prototype.exe
